Performing C++ SOURCE FILE Test cross_compiling failed with the following output:
Change Dir: /Users/ayan-work/code/cpp-api/cmake-build-debug/CMakeFiles/CMakeTmp

Run Build Command(s):/usr/bin/make cmTC_87b91/fast && /Applications/Xcode.app/Contents/Developer/usr/bin/make  -f CMakeFiles/cmTC_87b91.dir/build.make CMakeFiles/cmTC_87b91.dir/build
Building CXX object CMakeFiles/cmTC_87b91.dir/src.cxx.o
/Applications/Xcode.app/Contents/Developer/Toolchains/XcodeDefault.xctoolchain/usr/bin/c++    -Dcross_compiling -isysroot /Applications/Xcode.app/Contents/Developer/Platforms/MacOSX.platform/Developer/SDKs/MacOSX11.1.sdk -mmacosx-version-min=10.15   -o CMakeFiles/cmTC_87b91.dir/src.cxx.o -c /Users/ayan-work/code/cpp-api/cmake-build-debug/CMakeFiles/CMakeTmp/src.cxx
/Users/ayan-work/code/cpp-api/cmake-build-debug/CMakeFiles/CMakeTmp/src.cxx:1:1: error: expected unqualified-id
/Users/ayan-work/code/cpp-api/dependencies/drogon/cmake/tests/binary_compatibility_test.cc
^
1 error generated.
make[1]: *** [CMakeFiles/cmTC_87b91.dir/src.cxx.o] Error 1
make: *** [cmTC_87b91/fast] Error 2


...and run output:

Return value: 1
Source file was:
/Users/ayan-work/code/cpp-api/dependencies/drogon/cmake/tests/binary_compatibility_test.cc
Performing C++ SOURCE FILE Test cross_compiling failed with the following output:
Change Dir: /Users/ayan-work/code/cpp-api/cmake-build-debug/CMakeFiles/CMakeTmp

Run Build Command(s):/usr/bin/make cmTC_98651/fast && /Applications/Xcode.app/Contents/Developer/usr/bin/make  -f CMakeFiles/cmTC_98651.dir/build.make CMakeFiles/cmTC_98651.dir/build
Building CXX object CMakeFiles/cmTC_98651.dir/src.cxx.o
/Applications/Xcode.app/Contents/Developer/Toolchains/XcodeDefault.xctoolchain/usr/bin/c++    -Dcross_compiling -isysroot /Applications/Xcode.app/Contents/Developer/Platforms/MacOSX.platform/Developer/SDKs/MacOSX11.1.sdk -mmacosx-version-min=10.15   -o CMakeFiles/cmTC_98651.dir/src.cxx.o -c /Users/ayan-work/code/cpp-api/cmake-build-debug/CMakeFiles/CMakeTmp/src.cxx
/Users/ayan-work/code/cpp-api/cmake-build-debug/CMakeFiles/CMakeTmp/src.cxx:1:1: error: expected unqualified-id
/Users/ayan-work/code/cpp-api/dependencies/drogon/cmake/tests/binary_compatibility_test.cc
^
1 error generated.
make[1]: *** [CMakeFiles/cmTC_98651.dir/src.cxx.o] Error 1
make: *** [cmTC_98651/fast] Error 2


...and run output:

Return value: 1
Source file was:
/Users/ayan-work/code/cpp-api/dependencies/drogon/cmake/tests/binary_compatibility_test.cc
